"D:\mingw\mingw64\bin\mingw32-make.exe" all --print-data-base --no-builtin-variables --no-builtin-rules --question
# GNU Make 4.2.1
# Built for x86_64-w64-mingw32
# Copyright (C) 1988-2016 Free Software Foundation, Inc.
# License GPLv3+: GNU GPL version 3 or later <http://gnu.org/licenses/gpl.html>
# This is free software: you are free to change and redistribute it.
# There is NO WARRANTY, to the extent permitted by law.
 

# Make data base, printed on Mon Jan 10 04:27:41 2022

# Variables

# 'override' directive
GNUMAKEFLAGS := 
# automatic
<D = $(patsubst %/,%,$(patsubst %\,%,$(dir $<)))
# automatic
?F = $(notdir $?)
# environment
AMDAPPSDKROOT = C:\Program Files (x86)\AMD APP\
# default
.SHELLFLAGS := -c
# makefile
MAKEFLAGS = pqrR
# environment
VSCODE_LOG_NATIVE = false
# automatic
?D = $(patsubst %/,%,$(patsubst %\,%,$(dir $?)))
# automatic
@D = $(patsubst %/,%,$(patsubst %\,%,$(dir $@)))
# environment
HOMEDRIVE = C:
# automatic
@F = $(notdir $@)
# automatic
^D = $(patsubst %/,%,$(patsubst %\,%,$(dir $^)))
# makefile
CURDIR := d:/Git/at_check
# default
SHELL := sh.exe
# environment
WINDIR = C:\Windows
# environment
VSCODE_NLS_CONFIG = {"locale":"ru","availableLanguages":{"*":"ru"},"_languagePackId":"fe79f73fed0280074fda474c35530f83.ru","_translationsConfigFile":"D:\\appdata_reserved\\roaming\\Code\\clp\\fe79f73fed0280074fda474c35530f83.ru\\tcf.json","_cacheRoot":"D:\\appdata_reserved\\roaming\\Code\\clp\\fe79f73fed0280074fda474c35530f83.ru","_resolvedLanguagePackCoreLocation":"D:\\appdata_reserved\\roaming\\Code\\clp\\fe79f73fed0280074fda474c35530f83.ru\\899d46d82c4c95423fb7e10e68eba52050e30ba3","_corruptedFile":"D:\\appdata_reserved\\roaming\\Code\\clp\\fe79f73fed0280074fda474c35530f83.ru\\corrupted.info","_languagePackSupport":true}
# environment
VBOX_MSI_INSTALL_PATH = D:\VirtualBox\
# makefile (from 'Makefile', line 4)
CFLAGS = -Iinclude
# environment
ONEDRIVE = D:\OneDrive - Samara University
# environment
PATHEXT = .COM;.EXE;.BAT;.CMD;.VBS;.VBE;.JS;.JSE;.WSF;.WSH;.MSC;.PY;.PYW
# makefile (from 'Makefile', line 1)
MAKEFILE_LIST :=  Makefile
# environment
TMP = C:\Users\user0\AppData\Local\Temp
# makefile (from 'Makefile', line 8)
.DEFAULT_TAGET := all
# environment
VSCODE_VERBOSE_LOGGING = true
# environment
PROGRAMW6432 = C:\Program Files
# environment
PROGRAMDATA = C:\ProgramData
# environment
VSCODE_IPC_HOOK_EXTHOST = \\.\pipe\vscode-ipc-1c56ed47-3eed-4a85-9f6b-b4373512159a-sock
# environment
VSCODE_CWD = D:\Microsoft VS Code
# default
MAKE_HOST := x86_64-w64-mingw32
# environment
PATH = D:\Python310\Scripts\;D:\Python310\;C:\Program Files (x86)\AMD APP\bin\x86_64;C:\Program Files (x86)\AMD APP\bin\x86;D:\Python38\Scripts\;D:\Python38\;C:\Windows\system32;C:\Windows;C:\Windows\System32\Wbem;C:\Windows\System32\WindowsPowerShell\v1.0\;C:\Windows\System32\OpenSSH\;C:\Users\user0\.dnx\bin;C:\Program Files\Microsoft DNX\Dnvm\;C:\Program Files\Microsoft SQL Server\130\Tools\Binn\;D:\CMake\bin;D:\PuTTY\;D:\ATI Technologies\ATI.ACE\Core-Static;D:\GitClient\cmd;D:\Microsoft VS Code\bin;C:\Users\user0\AppData\Local\Microsoft\WindowsApps;E:\Program Files\Java\jre6\bin;D:\GitHub CLI\;D:\mingw\mingw64\bin;D:\mingw\mingw64\x86_64-w64-mingw32\bin;D:\mingw\mingw64\opt\bin;
# makefile (from 'Makefile', line 2)
LD = gcc
# environment
COMMONPROGRAMW6432 = C:\Program Files\Common Files
# environment
PROCESSOR_ARCHITECTURE = AMD64
# environment
USERPROFILE = C:\Users\user0
# environment
ALLUSERSPROFILE = C:\ProgramData
# environment
VSCODE_LO 
G_STACK = false
# environment
NUMBER_OF_PROCESSORS = 6
# environment
ELECTRON_RUN_AS_NODE = 1
# default
.FEATURES := target-specific order-only second-expansion else-if shortest-stem undefine oneshell archives jobserver output-sync
# automatic
%F = $(notdir $%)
# environment
CHROME_CRASHPAD_PIPE_NAME = \\.\pipe\crashpad_3268_TMCIYNYROEUJIUUS
# environment
VSCODE_PIPE_LOGGING = true
# environment
COMPUTERNAME = DESKTOP-BV5MC1O
# environment
PROGRAMFILES = C:\Program Files
# default
.LOADED := 
# environment
DRIVERDATA = C:\Windows\System32\Drivers\DriverData
# environment
ORIGINAL_XDG_CURRENT_DESKTOP = undefined
# environment
USERNAME = user0
# environment
PUBLIC = C:\Users\Public
# environment
VSCODE_AMD_ENTRYPOINT = vs/workbench/services/extensions/node/extensionHostProcess
# environment
VSCODE_CODE_CACHE_PATH = D:\appdata_reserved\roaming\Code\CachedData\899d46d82c4c95423fb7e10e68eba52050e30ba3
# environment
APPLICATION_INSIGHTS_NO_DIAGNOSTIC_CHANNEL = true
# environment
COMMONPROGRAMFILES = C:\Program Files\Common Files
# environment
LOGONSERVER = \\DESKTOP-BV5MC1O
# environment
VSCODE_HANDLES_UNCAUGHT_ERRORS = true
# environment
USERDOMAIN = DESKTOP-BV5MC1O
# environment
MAKELEVEL := 0
# default
MAKE = $(MAKE_COMMAND)
# default
MAKECMDGOALS := all
# makefile (from 'Makefile', line 1)
CC = gcc
# environment
ONEDRIVECOMMERCIAL = D:\OneDrive - Samara University
# default
MAKE_VERSION := 4.2.1
# makefile
.DEFAULT_GOAL := all
# environment
PROGRAMFILES(X86) = C:\Program Files (x86)
# automatic
%D = $(patsubst %/,%,$(patsubst %\,%,$(dir $%)))
# environment
LOCALAPPDATA = C:\Users\user0\AppData\Local
# environment
PSMODULEPATH = C:\Program Files\WindowsPowerShell\Modules;C:\Windows\system32\WindowsPowerShell\v1.0\Modules
# default
MAKE_COMMAND := D:/mingw/mingw64/bin/mingw32-make
# default
.VARIABLES := 
# automatic
*F = $(notdir $*)
# environment
PROCESSOR_IDENTIFIER = AMD64 Family 21 Model 2 Stepping 0, AuthenticAMD
# environment
OS = Windows_NT
# environment
VSCODE_IPC_HOOK = \\.\pipe\1ef81b5dd070561eaa0b557f5520f25b-1.63.2-main-sock
# environment
HOMEPATH = \Users\user0
# environment
COMMONPROGRAMFILES(X86) = C:\Program Files (x86)\Common Files
# environment
PROMPT = $P$G
# environment
MFLAGS = -pqrR
# automatic
*D = $(patsubst %/,%,$(patsubst %\,%,$(dir $*)))
# environment
SYSTEMROOT = C:\Windows
# automatic
+D = $(patsubst %/,%,$(patsubst %\,%,$(dir $+)))
# automatic
+F = $(notdir $+)
# environment
APPDATA = D:\appdata_reserved\roaming
# environment
TEMP = C:\Users\user0\AppData\Local\Temp
# environment
COMSPEC = C:\Windows\system32\cmd.exe
# default
MAKEFILES := 
# automatic
<F = $(notdir $<)
# environment
GIT_SSH = D:\PuTTY\plink.exe
# environment
LC_ALL = C
# automatic
^F = $(notdir $^)
# default
SUFFIXES := 
# environment
SYSTEMDRIVE = C:
# environment
SESSIONNAME = Console
# environment
PROCESSOR_REVISION = 0200
# environment
VS140COMNTOOLS = D:\Microsoft Visual Studio 14.0\Common7\Tools\
# default
.RECIPEPREFIX := 
# environment
LANG = C
# environment
PROCESSOR_LEVEL = 21
# environment
VSCODE_PID = 3268
# makefile (from 'Makefile', line 6)
FILES = $(wildcard src/*)
# environment
USERDOMAIN_ROAMINGPROFILE = DESKTOP-BV5MC1O
# variable set hash-table stats:
# Load=100/1024=10%, Rehash=0, Collisions=16/127=13%

# Pattern-specific Variable Values

# No pattern-specific variable values.

# Directories

# . (key d:/Git/at_check, mtime 1641772777): 10 files, no impossibilities.
# src (key d:/Git/at_check/src, mtime 1641769655): 5 files, no impossibilities.

# 15 files, no impossibilities in 2 directories.

# Implicit Rules

%.c.o: %.c
#  recipe to execute (from 'Makefile', line 11):
	$(CC) -c $(CFLAGS) $? -o build/$(notdir $@)

# 1 implicit rules, 0 (0.0%) terminal.

# Files

all: src/main.c.o src/SIM800C.c.o src/SIM800C_port.c.o
#  Command line target.
#  Implicit rule search has not been done.
#  File does not exist.
#  File has been updated.
#  Needs to be updated (-q is set).
# variable set hash-table stats:
# Load=0/32=0%, Rehash=0, Collisions=0/5=0%
#  recipe to execute (from 'Makefile', line 14):
	echo FILES $(FILES)
	$(LD) $(LDFLAGS) $(wildcard build/*) -o result.exe

# Not a target:
Makefile:
#  Implicit rule search has been done.
#  Last modified 2022-01-10 03:07:35
#  File has been updated.
#  Successfully updated.

# Not a target:
src/SIM800C.c.o:
#  Implicit rule search has not been done.
#  Modification time never checked.
#  File has not been updated.

# Not a target:
src/main.c:
#  Implicit rule search has been done.
#  Last modified 2022-01-10 03:07:35
#  File has been updated.
#  Successfully updated.

src/main.c.o: src/main.c
#  Implicit rule search has been done.
#  Implicit/static pattern stem: 'src/main'
#  File does not exist.
#  File has been updated.
#  Needs to be updated (-q is set).
# automatic
# @ := src/main.c.o
# automatic
# % := 
# automatic
# * := src/main
# automatic
# + := src/main.c
# automatic
# | := 
# automatic
# < := src/main.c
# automatic
# ^ := src/main.c
# automatic
# ? := src/main.c
# variable set hash-table stats:
# Load=8/32=25%, Rehash=0, Collisions=1/15=7%
#  recipe to execute (from 'Makefile', line 11):
	$(CC) -c $(CFLAGS) $? -o build/$(notdir $@)

# Not a target:
.DEFAULT:
#  Implicit rule search has not been done.
#  Modification time never checked.
#  File has not been updated.

clean:
#  Implicit rule search has not been done.
#  Modification time never checked.
#  File has not been updated.
#  recipe to execute (from 'Makefile', line 18):
	rmdir build
	mkdir build

# Not a target:
src/SIM800C_port.c.o:
#  Implicit rule search has not been done.
#  Modification time never checked.
#  File has not been updated.

# files hash-table stats:
# Load=9/1024=1%, Rehash=0, Collisions=0/26=0%
# VPATH Search Paths

# No 'vpath' search paths.

# No general ('VPATH' variable) search path.

# strcache buffers: 1 (0) / strings = 24 / storage = 207 B / avg = 8 B
# current buf: size = 8162 B / used = 207 B / count = 24 / avg = 8 B

# strcache performance: lookups = 34 / hit rate = 29%
# hash-table stats:
# Load=24/8192=0%, Rehash=0, Collisions=2/34=6%
# Finished Make data base on Mon Jan 10 04:27:41 2022

 
